<?xml version="1.0" encoding="UTF-8"?>
<!-- Generated by org.testng.reporters.JUnitReportReporter -->
<testsuite skipped="1" hostname="DESKTOP-LEQJLJ7" name="test_script.ClientTest" tests="2" failures="0" timestamp="17 Feb 2021 06:47:39 GMT" time="15.940" errors="0">
  <testcase name="verifyClientPageTitle" time="15.940" classname="test_script.ClientTest"/>
  <testcase name="verifyClientPage" classname="test_script.ClientTest">
    <skipped/>
  </testcase> <!-- verifyClientPage -->
</testsuite> <!-- test_script.ClientTest -->
