<?xml version="1.0" encoding="UTF-8"?>
<!-- Generated by org.testng.reporters.JUnitReportReporter -->
<testsuite skipped="1" hostname="DESKTOP-LEQJLJ7" name="test_script.LoginTest" tests="2" failures="0" timestamp="15 May 2021 08:10:08 GMT" time="20.847" errors="0">
  <testcase name="verifyLoginPageTitle" time="20.847" classname="test_script.LoginTest"/>
  <testcase name="verifyLogin" classname="test_script.LoginTest">
    <skipped/>
  </testcase> <!-- verifyLogin -->
</testsuite> <!-- test_script.LoginTest -->
