<?xml version="1.0" encoding="UTF-8"?>
<!-- Generated by org.testng.reporters.JUnitReportReporter -->
<testsuite skipped="0" hostname="DESKTOP-LEQJLJ7" name="test_script.WorkerTest" tests="1" failures="0" timestamp="17 Feb 2021 06:18:03 GMT" time="14.042" errors="0">
  <testcase name="verifyWorkerPage" time="14.042" classname="test_script.WorkerTest"/>
</testsuite> <!-- test_script.WorkerTest -->
