<?xml version="1.0" encoding="UTF-8"?>
<!-- Generated by org.testng.reporters.JUnitReportReporter -->
<testsuite skipped="8" hostname="DESKTOP-LEQJLJ7" name="test_script.DashboardTest" tests="9" failures="0" timestamp="15 May 2021 08:10:08 GMT" time="12.955" errors="0">
  <testcase name="verifyCompanyMenuClick" time="12.955" classname="test_script.DashboardTest"/>
  <testcase name="verifyReportClick" classname="test_script.DashboardTest">
    <skipped/>
  </testcase> <!-- verifyReportClick -->
  <testcase name="verifyTimesheetMenuClick" classname="test_script.DashboardTest">
    <skipped/>
  </testcase> <!-- verifyTimesheetMenuClick -->
  <testcase name="verifyInvoiceClick" classname="test_script.DashboardTest">
    <skipped/>
  </testcase> <!-- verifyInvoiceClick -->
  <testcase name="verifyGeneratePaySlipClick" classname="test_script.DashboardTest">
    <skipped/>
  </testcase> <!-- verifyGeneratePaySlipClick -->
  <testcase name="verifyDeuctionMenuClick" classname="test_script.DashboardTest">
    <skipped/>
  </testcase> <!-- verifyDeuctionMenuClick -->
  <testcase name="verifypaysliptext" classname="test_script.DashboardTest">
    <skipped/>
  </testcase> <!-- verifypaysliptext -->
  <testcase name="verifyPayrollApplicationText" classname="test_script.DashboardTest">
    <skipped/>
  </testcase> <!-- verifyPayrollApplicationText -->
  <testcase name="verifyPaySlipClick" classname="test_script.DashboardTest">
    <skipped/>
  </testcase> <!-- verifyPaySlipClick -->
</testsuite> <!-- test_script.DashboardTest -->
