<?xml version="1.0" encoding="UTF-8"?>
<!-- Generated by org.testng.reporters.JUnitReportReporter -->
<testsuite skipped="0" hostname="DESKTOP-LEQJLJ7" name="test_script.TimeSheetTest" tests="1" failures="0" timestamp="21 Feb 2021 07:39:53 GMT" time="14.325" errors="0">
  <testcase name="verifyClickOnApprovedTimeSheet" time="14.325" classname="test_script.TimeSheetTest"/>
</testsuite> <!-- test_script.TimeSheetTest -->
